INFO:root:Started
2016-08-12 10:16:11,417 - charm-urls - DEBUG - get data from https://api.jujucharms.com/charmstore/v5/search?promulgated=1&limit=5
DEBUG:charm-urls:get data from https://api.jujucharms.com/charmstore/v5/search?promulgated=1&limit=5
INFO:requests.packages.urllib3.connectionpool:Starting new HTTPS connection (1): api.jujucharms.com
DEBUG:requests.packages.urllib3.connectionpool:"GET /charmstore/v5/search?promulgated=1&limit=5 HTTP/1.1" 200 133
2016-08-12 10:16:11,593 - charm-urls - DEBUG - resonse: {u'Total': 472, u'SearchTime': 5000000, u'Results': [{u'Id': u'cs:ubuntu-0'}, {u'Id': u'cs:juju-gui-130'}, {u'Id': u'cs:postgresql-104'}, {u'Id': u'cs:openjdk-4'}, {u'Id': u'cs:cassandra-21'}]}
DEBUG:charm-urls:resonse: {u'Total': 472, u'SearchTime': 5000000, u'Results': [{u'Id': u'cs:ubuntu-0'}, {u'Id': u'cs:juju-gui-130'}, {u'Id': u'cs:postgresql-104'}, {u'Id': u'cs:openjdk-4'}, {u'Id': u'cs:cassandra-21'}]}
2016-08-12 10:16:11,594 - charm-urls - DEBUG - get data from https://api.jujucharms.com/charmstore/v5/ubuntu-0/meta/common-info
DEBUG:charm-urls:get data from https://api.jujucharms.com/charmstore/v5/ubuntu-0/meta/common-info
INFO:requests.packages.urllib3.connectionpool:Starting new HTTPS connection (1): api.jujucharms.com
DEBUG:requests.packages.urllib3.connectionpool:"GET /charmstore/v5/ubuntu-0/meta/common-info HTTP/1.1" 200 65
2016-08-12 10:16:11,752 - charm-urls - DEBUG - resonse: {u'bugs-url': u'https://ubuntu.com', u'homepage': u'https://ubuntu.com'}
DEBUG:charm-urls:resonse: {u'bugs-url': u'https://ubuntu.com', u'homepage': u'https://ubuntu.com'}
2016-08-12 10:16:11,754 - charm-urls - DEBUG - checking layers for https://api.jujucharms.com/charmstore/v5/ubuntu-0
DEBUG:charm-urls:checking layers for https://api.jujucharms.com/charmstore/v5/ubuntu-0
INFO:requests.packages.urllib3.connectionpool:Starting new HTTPS connection (1): api.jujucharms.com
DEBUG:requests.packages.urllib3.connectionpool:"GET /charmstore/v5/ubuntu-0/archive/layer.yaml HTTP/1.1" 404 77
2016-08-12 10:16:11,915 - charm-urls - DEBUG - get data from https://api.jujucharms.com/charmstore/v5/ubuntu-0/meta/resources
DEBUG:charm-urls:get data from https://api.jujucharms.com/charmstore/v5/ubuntu-0/meta/resources
INFO:requests.packages.urllib3.connectionpool:Starting new HTTPS connection (1): api.jujucharms.com
DEBUG:requests.packages.urllib3.connectionpool:"GET /charmstore/v5/ubuntu-0/meta/resources HTTP/1.1" 200 2
2016-08-12 10:16:12,132 - charm-urls - DEBUG - resonse: []
DEBUG:charm-urls:resonse: []
2016-08-12 10:16:12,134 - charm-urls - DEBUG - get data from https://api.jujucharms.com/charmstore/v5/ubuntu-0/meta/terms
DEBUG:charm-urls:get data from https://api.jujucharms.com/charmstore/v5/ubuntu-0/meta/terms
INFO:requests.packages.urllib3.connectionpool:Starting new HTTPS connection (1): api.jujucharms.com
DEBUG:requests.packages.urllib3.connectionpool:"GET /charmstore/v5/ubuntu-0/meta/terms HTTP/1.1" 200 2
2016-08-12 10:16:12,325 - charm-urls - DEBUG - resonse: []
DEBUG:charm-urls:resonse: []
2016-08-12 10:16:12,327 - charm-urls - DEBUG - get data from https://api.jujucharms.com/charmstore/v5/juju-gui-130/meta/common-info
DEBUG:charm-urls:get data from https://api.jujucharms.com/charmstore/v5/juju-gui-130/meta/common-info
INFO:requests.packages.urllib3.connectionpool:Starting new HTTPS connection (1): api.jujucharms.com
DEBUG:requests.packages.urllib3.connectionpool:"GET /charmstore/v5/juju-gui-130/meta/common-info HTTP/1.1" 200 48
2016-08-12 10:16:12,476 - charm-urls - DEBUG - resonse: {u'homepage': u'https://github.com/juju/juju-gui/'}
DEBUG:charm-urls:resonse: {u'homepage': u'https://github.com/juju/juju-gui/'}
2016-08-12 10:16:12,478 - charm-urls - DEBUG - checking layers for https://api.jujucharms.com/charmstore/v5/juju-gui-130
DEBUG:charm-urls:checking layers for https://api.jujucharms.com/charmstore/v5/juju-gui-130
INFO:requests.packages.urllib3.connectionpool:Starting new HTTPS connection (1): api.jujucharms.com
DEBUG:requests.packages.urllib3.connectionpool:"GET /charmstore/v5/juju-gui-130/archive/layer.yaml HTTP/1.1" 404 77
2016-08-12 10:16:12,645 - charm-urls - DEBUG - get data from https://api.jujucharms.com/charmstore/v5/juju-gui-130/meta/resources
DEBUG:charm-urls:get data from https://api.jujucharms.com/charmstore/v5/juju-gui-130/meta/resources
INFO:requests.packages.urllib3.connectionpool:Starting new HTTPS connection (1): api.jujucharms.com
DEBUG:requests.packages.urllib3.connectionpool:"GET /charmstore/v5/juju-gui-130/meta/resources HTTP/1.1" 200 2
2016-08-12 10:16:12,803 - charm-urls - DEBUG - resonse: []
DEBUG:charm-urls:resonse: []
2016-08-12 10:16:12,804 - charm-urls - DEBUG - get data from https://api.jujucharms.com/charmstore/v5/juju-gui-130/meta/terms
DEBUG:charm-urls:get data from https://api.jujucharms.com/charmstore/v5/juju-gui-130/meta/terms
INFO:requests.packages.urllib3.connectionpool:Starting new HTTPS connection (1): api.jujucharms.com
DEBUG:requests.packages.urllib3.connectionpool:"GET /charmstore/v5/juju-gui-130/meta/terms HTTP/1.1" 200 2
2016-08-12 10:16:12,959 - charm-urls - DEBUG - resonse: []
DEBUG:charm-urls:resonse: []
2016-08-12 10:16:12,960 - charm-urls - DEBUG - get data from https://api.jujucharms.com/charmstore/v5/postgresql-104/meta/common-info
DEBUG:charm-urls:get data from https://api.jujucharms.com/charmstore/v5/postgresql-104/meta/common-info
INFO:requests.packages.urllib3.connectionpool:Starting new HTTPS connection (1): api.jujucharms.com
DEBUG:requests.packages.urllib3.connectionpool:"GET /charmstore/v5/postgresql-104/meta/common-info HTTP/1.1" 200 90
2016-08-12 10:16:13,111 - charm-urls - DEBUG - resonse: {u'bugs-url': u'https://bugs.launchpad.net/postgresql-charm', u'homepage': u'https://launchpad.net/postgresql-charm'}
DEBUG:charm-urls:resonse: {u'bugs-url': u'https://bugs.launchpad.net/postgresql-charm', u'homepage': u'https://launchpad.net/postgresql-charm'}
2016-08-12 10:16:13,113 - charm-urls - DEBUG - checking layers for https://api.jujucharms.com/charmstore/v5/postgresql-104
DEBUG:charm-urls:checking layers for https://api.jujucharms.com/charmstore/v5/postgresql-104
INFO:requests.packages.urllib3.connectionpool:Starting new HTTPS connection (1): api.jujucharms.com
DEBUG:requests.packages.urllib3.connectionpool:"GET /charmstore/v5/postgresql-104/archive/layer.yaml HTTP/1.1" 200 245
2016-08-12 10:16:13,259 - charm-urls - DEBUG - get data from https://api.jujucharms.com/charmstore/v5/postgresql-104/meta/resources
DEBUG:charm-urls:get data from https://api.jujucharms.com/charmstore/v5/postgresql-104/meta/resources
INFO:requests.packages.urllib3.connectionpool:Starting new HTTPS connection (1): api.jujucharms.com
DEBUG:requests.packages.urllib3.connectionpool:"GET /charmstore/v5/postgresql-104/meta/resources HTTP/1.1" 200 2
2016-08-12 10:16:13,478 - charm-urls - DEBUG - resonse: []
DEBUG:charm-urls:resonse: []
2016-08-12 10:16:13,479 - charm-urls - DEBUG - get data from https://api.jujucharms.com/charmstore/v5/postgresql-104/meta/terms
DEBUG:charm-urls:get data from https://api.jujucharms.com/charmstore/v5/postgresql-104/meta/terms
INFO:requests.packages.urllib3.connectionpool:Starting new HTTPS connection (1): api.jujucharms.com
DEBUG:requests.packages.urllib3.connectionpool:"GET /charmstore/v5/postgresql-104/meta/terms HTTP/1.1" 200 2
2016-08-12 10:16:13,632 - charm-urls - DEBUG - resonse: []
DEBUG:charm-urls:resonse: []
2016-08-12 10:16:13,634 - charm-urls - DEBUG - get data from https://api.jujucharms.com/charmstore/v5/openjdk-4/meta/common-info
DEBUG:charm-urls:get data from https://api.jujucharms.com/charmstore/v5/openjdk-4/meta/common-info
INFO:requests.packages.urllib3.connectionpool:Starting new HTTPS connection (1): api.jujucharms.com
DEBUG:requests.packages.urllib3.connectionpool:"GET /charmstore/v5/openjdk-4/meta/common-info HTTP/1.1" 200 96
2016-08-12 10:16:13,789 - charm-urls - DEBUG - resonse: {u'bugs-url': u'https://github.com/juju-solutions/layer-openjdk/issues', u'homepage': u'https://github.com/juju-solutions/layer-openjdk'}
DEBUG:charm-urls:resonse: {u'bugs-url': u'https://github.com/juju-solutions/layer-openjdk/issues', u'homepage': u'https://github.com/juju-solutions/layer-openjdk'}
2016-08-12 10:16:13,791 - charm-urls - DEBUG - checking layers for https://api.jujucharms.com/charmstore/v5/openjdk-4
DEBUG:charm-urls:checking layers for https://api.jujucharms.com/charmstore/v5/openjdk-4
INFO:requests.packages.urllib3.connectionpool:Starting new HTTPS connection (1): api.jujucharms.com
DEBUG:requests.packages.urllib3.connectionpool:"GET /charmstore/v5/openjdk-4/archive/layer.yaml HTTP/1.1" 200 183
2016-08-12 10:16:13,935 - charm-urls - DEBUG - get data from https://api.jujucharms.com/charmstore/v5/openjdk-4/meta/resources
DEBUG:charm-urls:get data from https://api.jujucharms.com/charmstore/v5/openjdk-4/meta/resources
INFO:requests.packages.urllib3.connectionpool:Starting new HTTPS connection (1): api.jujucharms.com
DEBUG:requests.packages.urllib3.connectionpool:"GET /charmstore/v5/openjdk-4/meta/resources HTTP/1.1" 200 2
2016-08-12 10:16:14,101 - charm-urls - DEBUG - resonse: []
DEBUG:charm-urls:resonse: []
2016-08-12 10:16:14,103 - charm-urls - DEBUG - get data from https://api.jujucharms.com/charmstore/v5/openjdk-4/meta/terms
DEBUG:charm-urls:get data from https://api.jujucharms.com/charmstore/v5/openjdk-4/meta/terms
INFO:requests.packages.urllib3.connectionpool:Starting new HTTPS connection (1): api.jujucharms.com
DEBUG:requests.packages.urllib3.connectionpool:"GET /charmstore/v5/openjdk-4/meta/terms HTTP/1.1" 200 2
2016-08-12 10:16:14,254 - charm-urls - DEBUG - resonse: []
DEBUG:charm-urls:resonse: []
2016-08-12 10:16:14,255 - charm-urls - DEBUG - get data from https://api.jujucharms.com/charmstore/v5/cassandra-21/meta/common-info
DEBUG:charm-urls:get data from https://api.jujucharms.com/charmstore/v5/cassandra-21/meta/common-info
INFO:requests.packages.urllib3.connectionpool:Starting new HTTPS connection (1): api.jujucharms.com
DEBUG:requests.packages.urllib3.connectionpool:"GET /charmstore/v5/cassandra-21/meta/common-info HTTP/1.1" 200 89
2016-08-12 10:16:14,410 - charm-urls - DEBUG - resonse: {u'bugs-url': u'https://bugs.launchpad.net/cassandra-charm', u'homepage': u'https://launchpad.net/cassandra-charm'}
DEBUG:charm-urls:resonse: {u'bugs-url': u'https://bugs.launchpad.net/cassandra-charm', u'homepage': u'https://launchpad.net/cassandra-charm'}
2016-08-12 10:16:14,411 - charm-urls - DEBUG - checking layers for https://api.jujucharms.com/charmstore/v5/cassandra-21
DEBUG:charm-urls:checking layers for https://api.jujucharms.com/charmstore/v5/cassandra-21
INFO:requests.packages.urllib3.connectionpool:Starting new HTTPS connection (1): api.jujucharms.com
DEBUG:requests.packages.urllib3.connectionpool:"GET /charmstore/v5/cassandra-21/archive/layer.yaml HTTP/1.1" 404 77
2016-08-12 10:16:14,574 - charm-urls - DEBUG - get data from https://api.jujucharms.com/charmstore/v5/cassandra-21/meta/resources
DEBUG:charm-urls:get data from https://api.jujucharms.com/charmstore/v5/cassandra-21/meta/resources
INFO:requests.packages.urllib3.connectionpool:Starting new HTTPS connection (1): api.jujucharms.com
DEBUG:requests.packages.urllib3.connectionpool:"GET /charmstore/v5/cassandra-21/meta/resources HTTP/1.1" 200 2
2016-08-12 10:16:14,728 - charm-urls - DEBUG - resonse: []
DEBUG:charm-urls:resonse: []
2016-08-12 10:16:14,729 - charm-urls - DEBUG - get data from https://api.jujucharms.com/charmstore/v5/cassandra-21/meta/terms
DEBUG:charm-urls:get data from https://api.jujucharms.com/charmstore/v5/cassandra-21/meta/terms
INFO:requests.packages.urllib3.connectionpool:Starting new HTTPS connection (1): api.jujucharms.com
DEBUG:requests.packages.urllib3.connectionpool:"GET /charmstore/v5/cassandra-21/meta/terms HTTP/1.1" 200 2
2016-08-12 10:16:14,901 - charm-urls - DEBUG - resonse: []
DEBUG:charm-urls:resonse: []
INFO:root:Ended
